<?xml version="1.0" encoding="UTF-8"?>
<testsuite xmlns:xsi="http://www.w3.org/2001/XMLSchema-instance" xsi:noNamespaceSchemaLocation="https://maven.apache.org/surefire/maven-surefire-plugin/xsd/surefire-test-report.xsd" name="com.ascending.mingqian.jdbc.UsersDaoTest" time="0.406" tests="2" errors="0" skipped="1" failures="1">
  <properties>
[...]
</properties>
  <testcase name="saveTest" classname="com.ascending.mingqian.jdbc.UsersDaoTest" time="0">
    <skipped/>
    <system-out><![CDATA[*********Start Test*********
]]></system-out>
  </testcase>
  <testcase name="getUsersTest" classname="com.ascending.mingqian.jdbc.UsersDaoTest" time="0.336">
    <failure message="expected:&lt;4&gt; but was:&lt;12&gt;" type="java.lang.AssertionError"><![CDATA[java.lang.AssertionError: expected:<4> but was:<12>
	at com.ascending.mingqian.jdbc.UsersDaoTest.getUsersTest(UsersDaoTest.java:33)
]]></failure>
    <system-out><![CDATA[Connecting to database...
Creating statement...
1 Molly 1234
2 Ada qwer
3 Lily yuiyui
4 Rebecca virginia
5 Nancy nana1996
6 Nancy nana1996
7 Nancy nana1996
8 Nancy nana1996
9 Nancy nana1996
10 Nancy nana1996
11 Nancy nana1996
12 Nancy nana1996
]]></system-out>
  </testcase>
</testsuite>