<?xml version="1.0" encoding="UTF-8"?>
<testsuite xmlns:xsi="http://www.w3.org/2001/XMLSchema-instance" xsi:noNamespaceSchemaLocation="https://maven.apache.org/surefire/maven-surefire-plugin/xsd/surefire-test-report.xsd" name="com.ascending.mingqian.jdbc.TestAll" time="0.295" tests="2" errors="0" skipped="0" failures="0">
  <properties>
[...]
</properties>
  <testcase name="saveTest" classname="com.ascending.mingqian.jdbc.UsersDaoTest" time="0.211"/>
  <testcase name="getUsersTest" classname="com.ascending.mingqian.jdbc.UsersDaoTest" time="0.031"/>
</testsuite>